<?xml version="1.0" encoding="UTF-8"?>
<testng-results ignored="0" total="2" passed="2" failed="0" skipped="0">
  <reporter-output>
    <line>
      <![CDATA[Setting up the System Variabes]]>
    </line>
    <line>
      <![CDATA[Starting the Application]]>
    </line>
    <line>
      <![CDATA[Starting the Application]]>
    </line>
  </reporter-output>
  <suite started-at="2019-04-03T06:04:33Z" name="Default suite" finished-at="2019-04-03T06:05:29Z" duration-ms="56086">
    <groups>
    </groups>
    <test started-at="2019-04-03T06:04:33Z" name="Default test" finished-at="2019-04-03T06:05:29Z" duration-ms="56086">
      <class name="com.POMProject.Test.LoginCRMTest">
        <test-method is-config="true" signature="setUpA()[pri:0, instance:com.POMProject.Test.LoginCRMTest@10aa41f2]" started-at="2019-04-03T06:04:30Z" name="setUpA" finished-at="2019-04-03T06:04:33Z" duration-ms="3385" status="PASS">
          <reporter-output>
            <line>
              <![CDATA[Setting up the System Variabes]]>
            </line>
          </reporter-output>
        </test-method> <!-- setUpA -->
        <test-method is-config="true" signature="startApplication()[pri:0, instance:com.POMProject.Test.LoginCRMTest@10aa41f2]" started-at="2019-04-03T06:04:33Z" name="startApplication" finished-at="2019-04-03T06:04:59Z" duration-ms="25798" status="PASS">
          <reporter-output>
            <line>
              <![CDATA[Starting the Application]]>
            </line>
          </reporter-output>
        </test-method> <!-- startApplication -->
        <test-method signature="loginApp()[pri:1, instance:com.POMProject.Test.LoginCRMTest@10aa41f2]" started-at="2019-04-03T06:04:59Z" name="loginApp" finished-at="2019-04-03T06:05:08Z" duration-ms="9422" status="PASS">
          <reporter-output>
          </reporter-output>
        </test-method> <!-- loginApp -->
        <test-method is-config="true" signature="quitBrowser(org.testng.ITestResult)[pri:0, instance:com.POMProject.Test.LoginCRMTest@10aa41f2]" started-at="2019-04-03T06:05:08Z" name="quitBrowser" finished-at="2019-04-03T06:05:14Z" duration-ms="5332" status="PASS">
          <params>
            <param index="0">
              <value>
                <![CDATA[[TestResult name=loginApp status=SUCCESS method=LoginCRMTest.loginApp()[pri:1, instance:com.POMProject.Test.LoginCRMTest@10aa41f2] output={null}]]]>
              </value>
            </param>
          </params>
          <reporter-output>
          </reporter-output>
        </test-method> <!-- quitBrowser -->
        <test-method is-config="true" signature="startApplication()[pri:0, instance:com.POMProject.Test.LoginCRMTest@10aa41f2]" started-at="2019-04-03T06:05:14Z" name="startApplication" finished-at="2019-04-03T06:05:27Z" duration-ms="12713" status="PASS">
          <reporter-output>
            <line>
              <![CDATA[Starting the Application]]>
            </line>
          </reporter-output>
        </test-method> <!-- startApplication -->
        <test-method signature="LoginWrongCredentials()[pri:2, instance:com.POMProject.Test.LoginCRMTest@10aa41f2]" started-at="2019-04-03T06:05:27Z" name="LoginWrongCredentials" finished-at="2019-04-03T06:05:28Z" duration-ms="1498" status="PASS">
          <reporter-output>
          </reporter-output>
        </test-method> <!-- LoginWrongCredentials -->
        <test-method is-config="true" signature="quitBrowser(org.testng.ITestResult)[pri:0, instance:com.POMProject.Test.LoginCRMTest@10aa41f2]" started-at="2019-04-03T06:05:28Z" name="quitBrowser" finished-at="2019-04-03T06:05:29Z" duration-ms="1291" status="PASS">
          <params>
            <param index="0">
              <value>
                <![CDATA[[TestResult name=LoginWrongCredentials status=SUCCESS method=LoginCRMTest.LoginWrongCredentials()[pri:2, instance:com.POMProject.Test.LoginCRMTest@10aa41f2] output={null}]]]>
              </value>
            </param>
          </params>
          <reporter-output>
          </reporter-output>
        </test-method> <!-- quitBrowser -->
      </class> <!-- com.POMProject.Test.LoginCRMTest -->
    </test> <!-- Default test -->
  </suite> <!-- Default suite -->
</testng-results>
